GROUP,PACKAGE,CLASS,INSTRUCTION_MISSED,INSTRUCTION_COVERED,BRANCH_MISSED,BRANCH_COVERED,LINE_MISSED,LINE_COVERED,COMPLEXITY_MISSED,COMPLEXITY_COVERED,METHOD_MISSED,METHOD_COVERED
jGroph Core,net.slc.jgroph.domain,ResourceId,1,47,1,7,0,14,1,7,0,4
jGroph Core,net.slc.jgroph.application,ResourceNotFoundException,5,4,0,0,2,2,1,1,1,1
jGroph Core,net.slc.jgroph.application,ShowResource,0,20,0,0,0,6,0,2,0,2
jGroph Core,net.slc.jgroph.application,ResourceData,1,66,2,10,0,15,2,9,0,5
jGroph Core,net.slc.jgroph.application,InvalidResourceIdFormatException,4,5,0,0,2,2,1,1,1,1
